<?xml version="1.0" encoding="UTF-8"?>
<!-- Generated by org.testng.reporters.JUnitReportReporter -->
<testsuite skipped="0" hostname="computer" name="DataObjectMap" tests="7" failures="0" timestamp="16 Oct 2018 20:47:48 GMT" time="0.234" errors="0">
  <testcase name="readData" time="0.012" classname="DataObjectMap"/>
  <testcase name="readData" time="0.034" classname="DataObjectMap"/>
  <testcase name="readData" time="0.080" classname="DataObjectMap"/>
  <testcase name="readData" time="0.023" classname="DataObjectMap"/>
  <testcase name="readData" time="0.013" classname="DataObjectMap"/>
  <testcase name="readData" time="0.025" classname="DataObjectMap"/>
  <testcase name="readData" time="0.047" classname="DataObjectMap"/>
</testsuite> <!-- DataObjectMap -->
