<?xml version="1.0" encoding="UTF-8"?>
<!-- Generated by org.testng.reporters.JUnitReportReporter -->
<testsuite skipped="0" hostname="computer" name="Omair" tests="7" failures="0" timestamp="23 Oct 2018 18:33:10 GMT" time="0.238" errors="0">
  <testcase name="getExcelData" time="0.050" classname="Omair"/>
  <testcase name="getExcelData" time="0.019" classname="Omair"/>
  <testcase name="getExcelData" time="0.068" classname="Omair"/>
  <testcase name="getExcelData" time="0.013" classname="Omair"/>
  <testcase name="getExcelData" time="0.029" classname="Omair"/>
  <testcase name="getExcelData" time="0.011" classname="Omair"/>
  <testcase name="getExcelData" time="0.048" classname="Omair"/>
</testsuite> <!-- Omair -->
