<?xml version="1.0" encoding="UTF-8"?>
<!-- Generated by org.testng.reporters.JUnitReportReporter -->
<testsuite skipped="0" hostname="computer" name="Trap" tests="7" failures="0" timestamp="22 Oct 2018 20:52:38 GMT" time="0.183" errors="0">
  <testcase name="mapData" time="0.041" classname="Trap"/>
  <testcase name="mapData" time="0.021" classname="Trap"/>
  <testcase name="mapData" time="0.053" classname="Trap"/>
  <testcase name="mapData" time="0.005" classname="Trap"/>
  <testcase name="mapData" time="0.013" classname="Trap"/>
  <testcase name="mapData" time="0.010" classname="Trap"/>
  <testcase name="mapData" time="0.040" classname="Trap"/>
</testsuite> <!-- Trap -->
