<?xml version="1.0" encoding="UTF-8"?>
<!-- Generated by org.testng.reporters.JUnitReportReporter -->
<testsuite skipped="0" hostname="computer" name="DataObjectHashMap" tests="7" failures="0" timestamp="16 Oct 2018 12:21:19 GMT" time="0.172" errors="0">
  <testcase name="readData" time="0.007" classname="DataObjectHashMap"/>
  <testcase name="readData" time="0.026" classname="DataObjectHashMap"/>
  <testcase name="readData" time="0.052" classname="DataObjectHashMap"/>
  <testcase name="readData" time="0.031" classname="DataObjectHashMap"/>
  <testcase name="readData" time="0.022" classname="DataObjectHashMap"/>
  <testcase name="readData" time="0.015" classname="DataObjectHashMap"/>
  <testcase name="readData" time="0.019" classname="DataObjectHashMap"/>
</testsuite> <!-- DataObjectHashMap -->
