<?xml version="1.0" encoding="UTF-8"?>
<!-- Generated by org.testng.reporters.JUnitReportReporter -->
<testsuite skipped="2" hostname="computer" name="com.uiFramework.B" tests="3" failures="0" timestamp="09 Jul 2018 11:20:10 GMT" time="1.509" errors="0">
  <testcase name="testLoginB" time="0.401" classname="com.uiFramework.B"/>
  <testcase name="testLoginB" time="0.889" classname="com.uiFramework.B">
    <skipped/>
  </testcase> <!-- testLoginB -->
  <testcase name="testLoginB" time="0.219" classname="com.uiFramework.B">
    <skipped/>
  </testcase> <!-- testLoginB -->
</testsuite> <!-- com.uiFramework.B -->
