<?xml version="1.0" encoding="UTF-8"?>
<!-- Generated by org.testng.reporters.JUnitReportReporter -->
<testsuite skipped="0" hostname="computer" name="com.uiFramework.companyName.bhanuProjectName.testScripts.productDetailsPage.VerifyColorFilter" tests="1" failures="0" timestamp="09 Jul 2018 19:29:19 GMT" time="150.062" errors="0">
  <testcase name="testVerifyColorFilter" time="150.062" classname="com.uiFramework.companyName.bhanuProjectName.testScripts.productDetailsPage.VerifyColorFilter"/>
</testsuite> <!-- com.uiFramework.companyName.bhanuProjectName.testScripts.productDetailsPage.VerifyColorFilter -->
