<?xml version="1.0" encoding="UTF-8"?>
<!-- Generated by org.testng.reporters.JUnitReportReporter -->
<testsuite skipped="0" hostname="computer" name="crap.RegistrationTest" tests="1" failures="0" timestamp="09 Jul 2018 11:14:03 GMT" time="65.363" errors="0">
  <testcase name="testRegistration" time="65.363" classname="crap.RegistrationTest"/>
</testsuite> <!-- crap.RegistrationTest -->
