<?xml version="1.0" encoding="UTF-8"?>
<!-- Generated by org.testng.reporters.JUnitReportReporter -->
<testsuite skipped="0" hostname="computer" name="com.uiFramework.companyName.bhanuProjectName.testScripts.registration.RegistrationTest" tests="1" failures="0" timestamp="09 Jul 2018 10:51:55 GMT" time="65.117" errors="0">
  <testcase name="testRegistration" time="65.117" classname="com.uiFramework.companyName.bhanuProjectName.testScripts.registration.RegistrationTest"/>
</testsuite> <!-- com.uiFramework.companyName.bhanuProjectName.testScripts.registration.RegistrationTest -->
