<?xml version="1.0" encoding="UTF-8"?>
<!-- Generated by org.testng.reporters.JUnitReportReporter -->
<testsuite skipped="0" hostname="computer" name="com.uiFramework.A" tests="1" failures="0" timestamp="09 Jul 2018 11:20:10 GMT" time="1.973" errors="0">
  <testcase name="testLoginA" time="1.973" classname="com.uiFramework.A"/>
</testsuite> <!-- com.uiFramework.A -->
